DEPRECATION WARNING: config.action_view.debug_rjs will be removed in 3.1, from 3.1 onwards you will need to install prototype-rails to continue to use RJS templates . (called from service at /usr/lib/ruby/1.8/webrick/httpserver.rb:104)


Started GET "/rails/info/properties" for 127.0.0.1 at Sat Aug 27 20:37:56 +0800 2011
  Processing by Rails::InfoController#properties as HTML
Rendered inline template (0.4ms)
Completed 200 OK in 29ms (Views: 2.8ms)


Started GET "/say" for 127.0.0.1 at Sat Aug 27 21:19:28 +0800 2011

ActionController::RoutingError (No route matches "/say"):
  

Rendered /usr/lib/ruby/gems/1.8/gems/actionpack-3.0.10/lib/action_dispatch/middleware/templates/rescues/routing_error.erb within rescues/layout (4.1ms)


Started GET "/say/hello" for 127.0.0.1 at Sat Aug 27 21:19:33 +0800 2011
  Processing by SayController#hello as HTML
Rendered say/hello.html.erb within layouts/application (3.1ms)
Completed 200 OK in 38ms (Views: 37.8ms)
DEPRECATION WARNING: config.action_view.debug_rjs will be removed in 3.1, from 3.1 onwards you will need to install prototype-rails to continue to use RJS templates . (called from service at /usr/lib/ruby/1.8/webrick/httpserver.rb:104)


Started GET "/say/hello" for 127.0.0.1 at Tue Aug 30 21:02:04 +0800 2011
  Processing by SayController#hello as HTML
Rendered say/hello.html.erb within layouts/application (4.1ms)
Completed 200 OK in 40ms (Views: 34.3ms)


Started GET "/say/goodbye" for 127.0.0.1 at Tue Aug 30 21:13:01 +0800 2011
  Processing by SayController#goodbye as HTML
Rendered say/goodbye.html.erb within layouts/application (2.6ms)
Completed 200 OK in 17ms (Views: 17.2ms)


Started GET "/say/goodbye" for 127.0.0.1 at Tue Aug 30 21:15:06 +0800 2011
  Processing by SayController#goodbye as HTML
Rendered say/goodbye.html.erb within layouts/application (7.6ms)
Completed 200 OK in 29ms (Views: 28.0ms)


Started GET "/say/hello" for 127.0.0.1 at Tue Aug 30 21:15:08 +0800 2011
  Processing by SayController#hello as HTML
Rendered say/hello.html.erb within layouts/application (1.9ms)
Completed 200 OK in 13ms (Views: 12.1ms)


Started GET "/say/goodbye" for 127.0.0.1 at Tue Aug 30 21:15:10 +0800 2011
  Processing by SayController#goodbye as HTML
Rendered say/goodbye.html.erb within layouts/application (3.4ms)
Completed 200 OK in 12ms (Views: 11.9ms)


Started GET "/say/goodbye" for 127.0.0.1 at Tue Aug 30 21:16:12 +0800 2011
  Processing by SayController#goodbye as HTML
Rendered say/goodbye.html.erb within layouts/application (6.7ms)
Completed 200 OK in 29ms (Views: 29.1ms)


Started GET "/say/hello" for 127.0.0.1 at Tue Aug 30 21:16:14 +0800 2011
  Processing by SayController#hello as HTML
Rendered say/hello.html.erb within layouts/application (5.3ms)
Completed 200 OK in 13ms (Views: 12.5ms)


Started GET "/say/goodbye" for 127.0.0.1 at Tue Aug 30 21:16:16 +0800 2011
  Processing by SayController#goodbye as HTML
Rendered say/goodbye.html.erb within layouts/application (1.2ms)
Completed 200 OK in 11ms (Views: 11.0ms)


Started GET "/say/goodbye" for 127.0.0.1 at Tue Aug 30 21:16:32 +0800 2011
  Processing by SayController#goodbye as HTML
Rendered say/goodbye.html.erb within layouts/application (8.4ms)
Completed 200 OK in 34ms (Views: 33.7ms)


Started GET "/say/hello" for 127.0.0.1 at Tue Aug 30 21:16:33 +0800 2011
  Processing by SayController#hello as HTML
Rendered say/hello.html.erb within layouts/application (2.8ms)
Completed 200 OK in 43ms (Views: 42.9ms)


Started GET "/say/hello" for 127.0.0.1 at Tue Aug 30 21:18:06 +0800 2011
  Processing by SayController#hello as HTML
Rendered say/hello.html.erb within layouts/application (3.0ms)
Completed 200 OK in 36ms (Views: 24.6ms)


Started GET "/say/goodbye" for 127.0.0.1 at Tue Aug 30 21:18:08 +0800 2011
  Processing by SayController#goodbye as HTML
Rendered say/goodbye.html.erb within layouts/application (3.8ms)
Completed 200 OK in 14ms (Views: 12.5ms)


Started GET "/say/hello" for 127.0.0.1 at Tue Aug 30 21:18:10 +0800 2011
  Processing by SayController#hello as HTML
Rendered say/hello.html.erb within layouts/application (6.3ms)
Completed 200 OK in 16ms (Views: 14.9ms)


Started GET "/say/goodbye" for 127.0.0.1 at Tue Aug 30 21:18:12 +0800 2011
  Processing by SayController#goodbye as HTML
Rendered say/goodbye.html.erb within layouts/application (2.8ms)
Completed 200 OK in 12ms (Views: 11.9ms)


Started GET "/say/goodbye" for 127.0.0.1 at Tue Aug 30 21:20:36 +0800 2011
  Processing by SayController#goodbye as HTML
Rendered say/goodbye.html.erb within layouts/application (11.8ms)
Completed 200 OK in 30ms (Views: 29.3ms)


Started GET "/say/goodbye" for 127.0.0.1 at Tue Aug 30 21:20:56 +0800 2011
  Processing by SayController#goodbye as HTML
Rendered say/goodbye.html.erb within layouts/application (11.9ms)
Completed 200 OK in 31ms (Views: 28.4ms)
DEPRECATION WARNING: config.action_view.debug_rjs will be removed in 3.1, from 3.1 onwards you will need to install prototype-rails to continue to use RJS templates . (called from service at /usr/lib/ruby/1.8/webrick/httpserver.rb:104)


Started GET "/say/hello" for 127.0.0.1 at Thu Sep 01 21:32:40 +0800 2011
  Processing by SayController#hello as HTML
Rendered say/hello.html.erb within layouts/application (2.6ms)
Completed 200 OK in 10ms (Views: 9.9ms)


Started GET "/say/goodbye" for 127.0.0.1 at Thu Sep 01 21:32:44 +0800 2011
  Processing by SayController#goodbye as HTML
Rendered say/goodbye.html.erb within layouts/application (6.6ms)
Completed 200 OK in 16ms (Views: 15.4ms)


Started GET "/say/hello" for 127.0.0.1 at Thu Sep 01 21:32:56 +0800 2011
  Processing by SayController#hello as HTML
Rendered say/hello.html.erb within layouts/application (2.9ms)
Completed 200 OK in 16ms (Views: 16.0ms)


Started GET "/say/goodbye" for 127.0.0.1 at Thu Sep 01 21:32:58 +0800 2011
  Processing by SayController#goodbye as HTML
Rendered say/goodbye.html.erb within layouts/application (5.1ms)
Completed 200 OK in 43ms (Views: 42.3ms)
DEPRECATION WARNING: config.action_view.debug_rjs will be removed in 3.1, from 3.1 onwards you will need to install prototype-rails to continue to use RJS templates . (called from service at /usr/lib/ruby/1.8/webrick/httpserver.rb:104)


Started GET "/say/hello" for 127.0.0.1 at Wed Sep 14 20:29:36 +0800 2011
  Processing by SayController#hello as HTML
Rendered say/hello.html.erb within layouts/application (7.2ms)
Completed 200 OK in 34ms (Views: 33.7ms)


Started GET "/blog" for 127.0.0.1 at Wed Sep 14 20:29:45 +0800 2011

ActionController::RoutingError (No route matches "/blog"):
  

Rendered /usr/lib/ruby/gems/1.8/gems/actionpack-3.0.10/lib/action_dispatch/middleware/templates/rescues/routing_error.erb within rescues/layout (1.0ms)


Started GET "/blogs" for 127.0.0.1 at Wed Sep 14 20:29:51 +0800 2011
  Processing by BlogsController#index as HTML
Rendered blogs/index.html.erb within layouts/application (3.3ms)
Completed 200 OK in 506ms (Views: 12.4ms)


Started GET "/blogs/new" for 127.0.0.1 at Wed Sep 14 20:29:56 +0800 2011
  Processing by BlogsController#new as HTML
Rendered blogs/_form.html.erb (47.5ms)
Rendered blogs/new.html.erb within layouts/application (52.3ms)
Completed 200 OK in 71ms (Views: 61.7ms)


Started POST "/blogs" for 127.0.0.1 at Wed Sep 14 20:30:11 +0800 2011
  Processing by BlogsController#create as HTML
  Parameters: {"commit"=>"Create Blog", "blog"=>{"title"=>"test001", "content"=>"hgjhjk\r\njkljkll;k\r\n"}, "authenticity_token"=>"7QR47ktBU7A05WtKDTjSO4R3WGwIR6/UqRDtzwUKhiQ=", "utf8"=>"✓"}
Redirected to http://127.0.0.1:3000/blogs/4e709e53a3a13c088c000003
Completed 302 Found in 28ms


Started GET "/blogs/4e709e53a3a13c088c000003" for 127.0.0.1 at Wed Sep 14 20:30:11 +0800 2011
  Processing by BlogsController#show as HTML
  Parameters: {"id"=>"4e709e53a3a13c088c000003"}
Rendered blogs/show.html.erb within layouts/application (3.6ms)
Completed 200 OK in 42ms (Views: 14.3ms)


Started GET "/blogs/4e709e53a3a13c088c000003/edit" for 127.0.0.1 at Wed Sep 14 20:30:16 +0800 2011
  Processing by BlogsController#edit as HTML
  Parameters: {"id"=>"4e709e53a3a13c088c000003"}
Rendered blogs/_form.html.erb (7.7ms)
Rendered blogs/edit.html.erb within layouts/application (16.9ms)
Completed 200 OK in 39ms (Views: 25.7ms)


Started POST "/blogs/4e709e53a3a13c088c000003" for 127.0.0.1 at Wed Sep 14 20:30:30 +0800 2011
  Processing by BlogsController#update as HTML
  Parameters: {"commit"=>"Update Blog", "blog"=>{"title"=>"test001", "content"=>"hgjhjk\r\n\r\naaa\\n\r\njkljkll;k\r\n"}, "authenticity_token"=>"7QR47ktBU7A05WtKDTjSO4R3WGwIR6/UqRDtzwUKhiQ=", "utf8"=>"✓", "id"=>"4e709e53a3a13c088c000003"}
Redirected to http://127.0.0.1:3000/blogs/4e709e53a3a13c088c000003
Completed 302 Found in 21ms


Started GET "/blogs/4e709e53a3a13c088c000003" for 127.0.0.1 at Wed Sep 14 20:30:30 +0800 2011
  Processing by BlogsController#show as HTML
  Parameters: {"id"=>"4e709e53a3a13c088c000003"}
Rendered blogs/show.html.erb within layouts/application (5.3ms)
Completed 200 OK in 29ms (Views: 15.0ms)


Started GET "/blogs" for 127.0.0.1 at Wed Sep 14 20:30:32 +0800 2011
  Processing by BlogsController#index as HTML
Rendered blogs/index.html.erb within layouts/application (6.5ms)
Completed 200 OK in 27ms (Views: 14.4ms)


Started GET "/blogs/4e709e53a3a13c088c000003" for 127.0.0.1 at Wed Sep 14 20:32:57 +0800 2011
  Processing by BlogsController#show as HTML
  Parameters: {"id"=>"4e709e53a3a13c088c000003"}
Completed 500 Internal Server Error in 12ms

NameError (uninitialized constant Blog::Text):
  app/models/blog.rb:5
  app/controllers/blogs_controller.rb:16:in `show'

Rendered /usr/lib/ruby/gems/1.8/gems/actionpack-3.0.10/lib/action_dispatch/middleware/templates/rescues/_trace.erb (2.5ms)
Rendered /usr/lib/ruby/gems/1.8/gems/actionpack-3.0.10/lib/action_dispatch/middleware/templates/rescues/_request_and_response.erb (6.4ms)
Rendered /usr/lib/ruby/gems/1.8/gems/actionpack-3.0.10/lib/action_dispatch/middleware/templates/rescues/diagnostics.erb within rescues/layout (27.6ms)


Started GET "/blogs/" for 127.0.0.1 at Wed Sep 14 20:33:09 +0800 2011
  Processing by BlogsController#index as HTML
Completed 500 Internal Server Error in 28ms

NameError (uninitialized constant Blog::Text):
  app/models/blog.rb:5
  app/controllers/blogs_controller.rb:5:in `index'

Rendered /usr/lib/ruby/gems/1.8/gems/actionpack-3.0.10/lib/action_dispatch/middleware/templates/rescues/_trace.erb (2.0ms)
Rendered /usr/lib/ruby/gems/1.8/gems/actionpack-3.0.10/lib/action_dispatch/middleware/templates/rescues/_request_and_response.erb (4.5ms)
Rendered /usr/lib/ruby/gems/1.8/gems/actionpack-3.0.10/lib/action_dispatch/middleware/templates/rescues/diagnostics.erb within rescues/layout (75.7ms)


Started GET "/blogs/" for 127.0.0.1 at Wed Sep 14 20:34:38 +0800 2011
  Processing by BlogsController#index as HTML
Rendered blogs/index.html.erb within layouts/application (12.0ms)
Completed 200 OK in 41ms (Views: 19.6ms)


Started GET "/users/" for 127.0.0.1 at Wed Sep 14 20:59:18 +0800 2011
  Processing by UsersController#index as HTML
Rendered users/index.html.erb within layouts/application (4.5ms)
Completed 200 OK in 35ms (Views: 20.8ms)


Started GET "/users/new" for 127.0.0.1 at Wed Sep 14 20:59:21 +0800 2011
  Processing by UsersController#new as HTML
Rendered users/_form.html.erb (6.6ms)
Rendered users/new.html.erb within layouts/application (16.4ms)
Completed 200 OK in 38ms (Views: 28.8ms)


Started POST "/users" for 127.0.0.1 at Wed Sep 14 20:59:59 +0800 2011
  Processing by UsersController#create as HTML
  Parameters: {"commit"=>"Create User", "authenticity_token"=>"7QR47ktBU7A05WtKDTjSO4R3WGwIR6/UqRDtzwUKhiQ=", "utf8"=>"✓", "user"=>{"name"=>"test001", "email"=>"a@126.com"}}
Redirected to http://127.0.0.1:3000/users/4e70a54fa3a13c088c00000d
Completed 302 Found in 16ms


Started GET "/users/4e70a54fa3a13c088c00000d" for 127.0.0.1 at Wed Sep 14 20:59:59 +0800 2011
  Processing by UsersController#show as HTML
  Parameters: {"id"=>"4e70a54fa3a13c088c00000d"}
Rendered users/show.html.erb within layouts/application (4.0ms)
Completed 200 OK in 35ms (Views: 13.9ms)


Started GET "/users" for 127.0.0.1 at Wed Sep 14 21:00:01 +0800 2011
  Processing by UsersController#index as HTML
Rendered users/index.html.erb within layouts/application (11.3ms)
Completed 200 OK in 30ms (Views: 19.2ms)


Started GET "/users/4e70a54fa3a13c088c00000d" for 127.0.0.1 at Wed Sep 14 21:00:04 +0800 2011
  Processing by UsersController#show as HTML
  Parameters: {"id"=>"4e70a54fa3a13c088c00000d"}
Rendered users/show.html.erb within layouts/application (4.1ms)
Completed 200 OK in 34ms (Views: 19.1ms)


Started GET "/users" for 127.0.0.1 at Wed Sep 14 21:00:07 +0800 2011
  Processing by UsersController#index as HTML
Rendered users/index.html.erb within layouts/application (7.6ms)
Completed 200 OK in 27ms (Views: 14.7ms)


Started GET "/microposts" for 127.0.0.1 at Wed Sep 14 21:05:25 +0800 2011
  Processing by MicropostsController#index as HTML
Rendered microposts/index.html.erb within layouts/application (6.5ms)
Completed 200 OK in 27ms (Views: 13.3ms)


Started GET "/microposts/new" for 127.0.0.1 at Wed Sep 14 21:05:28 +0800 2011
  Processing by MicropostsController#new as HTML
Rendered microposts/_form.html.erb (6.6ms)
Rendered microposts/new.html.erb within layouts/application (12.6ms)
Completed 200 OK in 32ms (Views: 22.2ms)


Started POST "/microposts" for 127.0.0.1 at Wed Sep 14 21:06:08 +0800 2011
  Processing by MicropostsController#create as HTML
  Parameters: {"commit"=>"Create Micropost", "micropost"=>{"user_id"=>"2", "content"=>"hjghjgjhjkhjghjgjhjkhjghjgjhjkhjghjgjhjkhjghjgjhjkhjghjgjhjkhjghjgjhjkhjghjgjhjkhjghjgjhjkhjghjgjhjkhjghjgjhjkhjghjgjhjkhjghjgjhjkhjghjgjhjkhjghjgjhjkhjghjgjhjkhjghjgjhjkhjghjgjhjkhjghjgjhjkhjghjgjhjkhjghjgjhjkhjghjgjhjkhjghjgjhjkhjghjgjhjkhjghjgjhjkhjghjgjhjkhjghjgjhjkhjghjgjhjkhjghjgjhjkhjghjgjhjkhjghjgjhjkhjghjgjhjkhjghjgjhjkhjghjgjhjkhjghjgjhjkhjghjgjhjkhjghjgjhjkhjghjgjhjkhjghjgjhjkhjghjgjhjkhjghjgjhjkhjghjgjhjkhjghjgjhjkhjghjgjhjkhjghjgjhjkhjghjgjhjkhjghjgjhjkhjghjgjhjkhjghjgjhjkhjghjgjhjkhjghjgjhjkhjghjgjhjkhjghjgjhjkhjghjgjhjkhjghjgjhjkhjghjgjhjkhjghjgjhjkhjghjgjhjkhjghjgjhjkhjghjgjhjkhjghjgjhjkhjghjgjhjkhjghjgjhjkhjghjgjhjkhjghjgjhjkhjghjgjhjkhjghjgjhjkhjghjgjhjkhjghjgjhjkhjghjgjhjkhjghjgjhjkhjghjgjhjkhjghjgjhjkhjghjgjhjkhjghjgjhjkhjghjgjhjkhjghjgjhjkhjghjgjhjkhjghjgjhjkhjghjgjhjk"}, "authenticity_token"=>"7QR47ktBU7A05WtKDTjSO4R3WGwIR6/UqRDtzwUKhiQ=", "utf8"=>"✓"}
Rendered microposts/_form.html.erb (8.4ms)
Rendered microposts/new.html.erb within layouts/application (14.4ms)
Completed 200 OK in 105ms (Views: 24.1ms)


Started POST "/microposts" for 127.0.0.1 at Wed Sep 14 21:06:22 +0800 2011
  Processing by MicropostsController#create as HTML
  Parameters: {"commit"=>"Create Micropost", "micropost"=>{"user_id"=>"2", "content"=>"test001"}, "authenticity_token"=>"7QR47ktBU7A05WtKDTjSO4R3WGwIR6/UqRDtzwUKhiQ=", "utf8"=>"✓"}
Redirected to http://127.0.0.1:3000/microposts/4e70a6cea3a13c088c000017
Completed 302 Found in 23ms


Started GET "/microposts/4e70a6cea3a13c088c000017" for 127.0.0.1 at Wed Sep 14 21:06:22 +0800 2011
  Processing by MicropostsController#show as HTML
  Parameters: {"id"=>"4e70a6cea3a13c088c000017"}
Rendered microposts/show.html.erb within layouts/application (4.9ms)
Completed 200 OK in 36ms (Views: 14.0ms)


Started GET "/microposts" for 127.0.0.1 at Wed Sep 14 21:06:25 +0800 2011
  Processing by MicropostsController#index as HTML
Rendered microposts/index.html.erb within layouts/application (105.9ms)
Completed 200 OK in 130ms (Views: 115.7ms)


Started GET "/microposts" for 127.0.0.1 at Wed Sep 14 21:27:21 +0800 2011
  Processing by MicropostsController#index as HTML
Rendered microposts/index.html.erb within layouts/application (6.8ms)
Completed 200 OK in 61ms (Views: 13.9ms)


Started GET "/microposts/4e70a6cea3a13c088c000017" for 127.0.0.1 at Wed Sep 14 21:27:26 +0800 2011
  Processing by MicropostsController#show as HTML
  Parameters: {"id"=>"4e70a6cea3a13c088c000017"}
Rendered microposts/show.html.erb within layouts/application (5.1ms)
Completed 200 OK in 26ms (Views: 12.2ms)


Started GET "/microposts" for 127.0.0.1 at Wed Sep 14 21:27:29 +0800 2011
  Processing by MicropostsController#index as HTML
Rendered microposts/index.html.erb within layouts/application (5.5ms)
Completed 200 OK in 31ms (Views: 19.2ms)


Started POST "/microposts/4e70a6cea3a13c088c000017" for 127.0.0.1 at Wed Sep 14 21:27:32 +0800 2011
  Processing by MicropostsController#destroy as HTML
  Parameters: {"authenticity_token"=>"7QR47ktBU7A05WtKDTjSO4R3WGwIR6/UqRDtzwUKhiQ=", "id"=>"4e70a6cea3a13c088c000017"}
Redirected to http://127.0.0.1:3000/microposts
Completed 302 Found in 15ms


Started GET "/microposts" for 127.0.0.1 at Wed Sep 14 21:27:32 +0800 2011
  Processing by MicropostsController#index as HTML
Rendered microposts/index.html.erb within layouts/application (4.6ms)
Completed 200 OK in 23ms (Views: 11.7ms)


Started GET "/microposts/new" for 127.0.0.1 at Wed Sep 14 21:27:47 +0800 2011
  Processing by MicropostsController#new as HTML
Rendered microposts/_form.html.erb (25.4ms)
Rendered microposts/new.html.erb within layouts/application (31.9ms)
Completed 200 OK in 124ms (Views: 44.7ms)


Started POST "/microposts" for 127.0.0.1 at Wed Sep 14 21:29:01 +0800 2011
  Processing by MicropostsController#create as HTML
  Parameters: {"commit"=>"Create Micropost", "micropost"=>{"user_id"=>"4e70a54fa3a13c088c00000d", "content"=>"test0-0-0=111111"}, "authenticity_token"=>"7QR47ktBU7A05WtKDTjSO4R3WGwIR6/UqRDtzwUKhiQ=", "utf8"=>"✓"}
Redirected to http://127.0.0.1:3000/microposts/4e70ac1da3a13c088c000022
Completed 302 Found in 23ms


Started GET "/microposts/4e70ac1da3a13c088c000022" for 127.0.0.1 at Wed Sep 14 21:29:01 +0800 2011
  Processing by MicropostsController#show as HTML
  Parameters: {"id"=>"4e70ac1da3a13c088c000022"}
Rendered microposts/show.html.erb within layouts/application (4.1ms)
Completed 200 OK in 28ms (Views: 12.9ms)


Started GET "/microposts/4e70ac1da3a13c088c000022" for 127.0.0.1 at Wed Sep 14 21:30:02 +0800 2011
  Processing by MicropostsController#show as HTML
  Parameters: {"id"=>"4e70ac1da3a13c088c000022"}
Rendered microposts/show.html.erb within layouts/application (92.7ms)
Completed 200 OK in 148ms (Views: 107.6ms)
DEPRECATION WARNING: config.action_view.debug_rjs will be removed in 3.1, from 3.1 onwards you will need to install prototype-rails to continue to use RJS templates . (called from service at /usr/lib/ruby/1.8/webrick/httpserver.rb:104)


Started GET "/say/hello" for 127.0.0.1 at Sat Sep 24 22:31:42 +0800 2011
  Processing by SayController#hello as HTML
Rendered say/hello.html.erb within layouts/application (3.4ms)
Completed 200 OK in 20ms (Views: 19.7ms)


Started GET "/pages/home" for 127.0.0.1 at Sat Sep 24 22:31:54 +0800 2011
  Processing by PagesController#home as HTML
Rendered pages/home.html.erb within layouts/application (3.6ms)
Completed 200 OK in 24ms (Views: 23.1ms)
